<?xml version="1.0" encoding="UTF-8"?>
<!-- Generated by org.testng.reporters.JUnitXMLReporter -->
<testsuite hostname="GSY-IBhangu" name="Test" tests="1" failures="1" timestamp="10 Jun 2021 14:16:24 GMT" time="474.357" errors="0">
  <testcase name="m2" time="471.265" classname="automation.UPLcvAndcabApp">
    <failure type="java.lang.NumberFormatException" message="null">
      <![CDATA[java.lang.NumberFormatException: null
	at java.lang.Integer.parseInt(Unknown Source)
	at java.lang.Integer.parseInt(Unknown Source)
	at automation.UPLcvAndcabApp.SecondPopup(UPLcvAndcabApp.java:1719)
	at automation.UPLcvAndcabApp.m2(UPLcvAndcabApp.java:134)
... Removed 25 stack frames]]>
    </failure>
  </testcase> <!-- m2 -->
</testsuite> <!-- Test -->
