<?xml version="1.0" encoding="UTF-8"?>
<testng-results skipped="0" failed="1" total="1" passed="0">
  <reporter-output>
  </reporter-output>
  <suite name="Suite" duration-ms="474357" started-at="2021-06-10T14:08:29Z" finished-at="2021-06-10T14:16:23Z">
    <groups>
    </groups>
    <test name="Test" duration-ms="474357" started-at="2021-06-10T14:08:29Z" finished-at="2021-06-10T14:16:23Z">
      <class name="automation.UPLcvAndcabApp">
        <test-method status="PASS" signature="Setup(org.testng.ITestContext)[pri:0, instance:automation.UPLcvAndcabApp@1ce4f0a]" name="Setup" is-config="true" duration-ms="250" started-at="2021-06-10T10:08:29Z" finished-at="2021-06-10T10:08:29Z">
          <params>
            <param index="0">
              <value>
                <![CDATA[org.testng.TestRunner@728255]]>
              </value>
            </param>
          </params>
          <reporter-output>
          </reporter-output>
        </test-method> <!-- Setup -->
        <test-method status="PASS" signature="initialize1()[pri:0, instance:automation.UPLcvAndcabApp@1ce4f0a]" name="initialize1" is-config="true" duration-ms="3031" started-at="2021-06-10T10:08:29Z" finished-at="2021-06-10T10:08:32Z">
          <reporter-output>
          </reporter-output>
        </test-method> <!-- initialize1 -->
        <test-method status="FAIL" signature="m2()[pri:0, instance:automation.UPLcvAndcabApp@1ce4f0a]" name="m2" duration-ms="471265" started-at="2021-06-10T10:08:32Z" finished-at="2021-06-10T10:16:23Z">
          <exception class="java.lang.NumberFormatException">
            <message>
              <![CDATA[null]]>
            </message>
            <full-stacktrace>
              <![CDATA[java.lang.NumberFormatException: null
	at java.lang.Integer.parseInt(Unknown Source)
	at java.lang.Integer.parseInt(Unknown Source)
	at automation.UPLcvAndcabApp.SecondPopup(UPLcvAndcabApp.java:1719)
	at automation.UPLcvAndcabApp.m2(UPLcvAndcabApp.java:134)
	at sun.reflect.NativeMethodAccessorImpl.invoke0(Native Method)
	at sun.reflect.NativeMethodAccessorImpl.invoke(Unknown Source)
	at sun.reflect.DelegatingMethodAccessorImpl.invoke(Unknown Source)
	at java.lang.reflect.Method.invoke(Unknown Source)
	at org.testng.internal.MethodInvocationHelper.invokeMethod(MethodInvocationHelper.java:86)
	at org.testng.internal.Invoker.invokeMethod(Invoker.java:646)
	at org.testng.internal.Invoker.invokeTestMethod(Invoker.java:823)
	at org.testng.internal.Invoker.invokeTestMethods(Invoker.java:1131)
	at org.testng.internal.TestMethodWorker.invokeTestMethods(TestMethodWorker.java:129)
	at org.testng.internal.TestMethodWorker.run(TestMethodWorker.java:112)
	at org.testng.TestRunner.privateRun(TestRunner.java:778)
	at org.testng.TestRunner.run(TestRunner.java:632)
	at org.testng.SuiteRunner.runTest(SuiteRunner.java:366)
	at org.testng.SuiteRunner.runSequentially(SuiteRunner.java:361)
	at org.testng.SuiteRunner.privateRun(SuiteRunner.java:319)
	at org.testng.SuiteRunner.run(SuiteRunner.java:268)
	at org.testng.SuiteRunnerWorker.runSuite(SuiteRunnerWorker.java:52)
	at org.testng.SuiteRunnerWorker.run(SuiteRunnerWorker.java:86)
	at org.testng.TestNG.runSuitesSequentially(TestNG.java:1225)
	at org.testng.TestNG.runSuitesLocally(TestNG.java:1150)
	at org.testng.TestNG.runSuites(TestNG.java:1075)
	at org.testng.TestNG.run(TestNG.java:1047)
	at org.testng.remote.AbstractRemoteTestNG.run(AbstractRemoteTestNG.java:126)
	at org.testng.remote.RemoteTestNG.initAndRun(RemoteTestNG.java:137)
	at org.testng.remote.RemoteTestNG.main(RemoteTestNG.java:58)
]]>
            </full-stacktrace>
          </exception> <!-- java.lang.NumberFormatException -->
          <reporter-output>
          </reporter-output>
        </test-method> <!-- m2 -->
        <test-method status="PASS" signature="tearDown(org.testng.ITestContext)[pri:0, instance:automation.UPLcvAndcabApp@1ce4f0a]" name="tearDown" is-config="true" duration-ms="423" started-at="2021-06-10T10:16:24Z" finished-at="2021-06-10T10:16:24Z">
          <params>
            <param index="0">
              <value>
                <![CDATA[org.testng.TestRunner@728255]]>
              </value>
            </param>
          </params>
          <reporter-output>
          </reporter-output>
        </test-method> <!-- tearDown -->
      </class> <!-- automation.UPLcvAndcabApp -->
    </test> <!-- Test -->
  </suite> <!-- Suite -->
</testng-results>
